<?xml version="1.0" encoding="UTF-8"?>
<!-- Generated by org.testng.reporters.JUnitReportReporter -->
<testsuite hostname="DESKTOP-0GJM9JF" failures="0" tests="1" name="testpackage.Goibibi_OnewayTestCase4" time="18.384" errors="0" timestamp="2024-04-28T17:47:20 IST" skipped="0">
  <testcase classname="testpackage.Goibibi_OnewayTestCase4" name="Testcase4" time="18.384"/>
  <system-out/>
</testsuite> <!-- testpackage.Goibibi_OnewayTestCase4 -->
