<?xml version="1.0" encoding="UTF-8"?>
<!-- Generated by org.testng.reporters.JUnitReportReporter -->
<testsuite hostname="DESKTOP-0GJM9JF" failures="0" tests="1" name="testpackage.Goibibo_MultiplePassengers_TestCase9" time="21.343" errors="0" timestamp="2024-04-30T10:38:08 IST" skipped="0">
  <testcase classname="testpackage.Goibibo_MultiplePassengers_TestCase9" name="multipassenger_singlebooking" time="21.343"/>
  <system-out/>
</testsuite> <!-- testpackage.Goibibo_MultiplePassengers_TestCase9 -->
