<?xml version="1.0" encoding="UTF-8"?>
<!-- Generated by org.testng.reporters.JUnitReportReporter -->
<testsuite hostname="DESKTOP-0GJM9JF" failures="0" tests="1" name="testpackage.Goibibo_Reg_Testcase" time="8.519" errors="0" timestamp="2024-04-22T18:51:31 IST" skipped="0">
  <testcase classname="testpackage.Goibibo_Reg_Testcase" name="testcase" time="8.519"/>
  <system-out/>
</testsuite> <!-- testpackage.Goibibo_Reg_Testcase -->
