<?xml version="1.0" encoding="UTF-8"?>
<!-- Generated by org.testng.reporters.JUnitReportReporter -->
<testsuite hostname="DESKTOP-0GJM9JF" failures="0" tests="1" name="testpackage.Goibibi_Search_TestCase6" time="32.399" errors="0" timestamp="2024-04-28T23:12:27 IST" skipped="0">
  <testcase classname="testpackage.Goibibi_Search_TestCase6" name="search" time="32.399"/>
  <system-out/>
</testsuite> <!-- testpackage.Goibibi_Search_TestCase6 -->
