<?xml version="1.0" encoding="UTF-8"?>
<!-- Generated by org.testng.reporters.JUnitReportReporter -->
<testsuite hostname="DESKTOP-0GJM9JF" failures="0" tests="1" name="testpackage.TestCase2" time="8.490" errors="0" timestamp="2024-05-05T16:33:34 IST" skipped="0">
  <testcase classname="testpackage.TestCase2" name="Logindetails" time="8.490"/>
  <system-out/>
</testsuite> <!-- testpackage.TestCase2 -->
