<?xml version="1.0" encoding="UTF-8"?>
<!-- Generated by org.testng.reporters.JUnitReportReporter -->
<testsuite hostname="DESKTOP-0GJM9JF" failures="0" tests="1" name="testpackage.Goibibi_Practisetestcase" time="23.011" errors="0" timestamp="2024-04-30T19:26:53 IST" skipped="0">
  <testcase classname="testpackage.Goibibi_Practisetestcase" name="login_valid_credentials" time="23.011"/>
  <system-out/>
</testsuite> <!-- testpackage.Goibibi_Practisetestcase -->
