<?xml version="1.0" encoding="UTF-8"?>
<!-- Generated by org.testng.reporters.JUnitReportReporter -->
<testsuite hostname="DESKTOP-0GJM9JF" failures="0" tests="1" name="testpackage.Goibibo_Roundtrip_Testcase5" time="14.846" errors="0" timestamp="2024-04-28T19:04:49 IST" skipped="0">
  <testcase classname="testpackage.Goibibo_Roundtrip_Testcase5" name="roundtrip" time="14.846"/>
  <system-out/>
</testsuite> <!-- testpackage.Goibibo_Roundtrip_Testcase5 -->
